<?xml version="1.0" encoding="UTF-8"?>
<testsuite xmlns:xsi="http://www.w3.org/2001/XMLSchema-instance" xsi:noNamespaceSchemaLocation="https://maven.apache.org/surefire/maven-surefire-plugin/xsd/surefire-test-report.xsd" version="3.0.2" name="com.klu.studentexception.StudentexceptionApplicationTests" time="2.507" tests="1" errors="0" skipped="0" failures="0" flakes="0">
  <properties>
[...]
</properties>
  <testcase name="contextLoads" classname="com.klu.studentexception.StudentexceptionApplicationTests" time="0.566">
    <system-out><![CDATA[11:12:30.592 [main] INFO org.springframework.test.context.support.AnnotationConfigContextLoaderUtils -- Could not detect default configuration classes for test class [com.klu.studentexception.StudentexceptionApplicationTests]: StudentexceptionApplicationTests does not declare any static, non-private, non-final, nested classes annotated with @Configuration.
11:12:30.731 [main] INFO org.springframework.boot.test.context.SpringBootTestContextBootstrapper -- Found @SpringBootConfiguration com.klu.StudentexceptionApplication for test class com.klu.studentexception.StudentexceptionApplicationTests
11:12:30.831 [main] INFO org.springframework.test.context.support.AnnotationConfigContextLoaderUtils -- Could not detect default configuration classes for test class [com.klu.studentexception.StudentexceptionApplicationTests]: StudentexceptionApplicationTests does not declare any static, non-private, non-final, nested classes annotated with @Configuration.
11:12:30.832 [main] INFO org.springframework.boot.test.context.SpringBootTestContextBootstrapper -- Found @SpringBootConfiguration com.klu.StudentexceptionApplication for test class com.klu.studentexception.StudentexceptionApplicationTests

  .   ____          _            __ _ _
 /\\ / ___'_ __ _ _(_)_ __  __ _ \ \ \ \
( ( )\___ | '_ | '_| | '_ \/ _` | \ \ \ \
 \\/  ___)| |_)| | | | | || (_| |  ) ) ) )
  '  |____| .__|_| |_|_| |_\__, | / / / /
 =========|_|==============|___/=/_/_/_/

 :: Spring Boot ::                (v4.0.4)

2026-03-20T11:12:31.162+05:30  INFO 17284 --- [studentexception] [           main] c.k.s.StudentexceptionApplicationTests   : Starting StudentexceptionApplicationTests using Java 24.0.2 with PID 17284 (started by karth in C:\Users\karth\OneDrive\Desktop\fullstack experiments\skill09\studentexception)
2026-03-20T11:12:31.163+05:30  INFO 17284 --- [studentexception] [           main] c.k.s.StudentexceptionApplicationTests   : No active profile set, falling back to 1 default profile: "default"
2026-03-20T11:12:32.279+05:30  INFO 17284 --- [studentexception] [           main] c.k.s.StudentexceptionApplicationTests   : Started StudentexceptionApplicationTests in 1.379 seconds (process running for 2.514)
]]></system-out>
    <system-err><![CDATA[Mockito is currently self-attaching to enable the inline-mock-maker. This will no longer work in future releases of the JDK. Please add Mockito as an agent to your build as described in Mockito's documentation: https://javadoc.io/doc/org.mockito/mockito-core/latest/org.mockito/org/mockito/Mockito.html#0.3
WARNING: A Java agent has been loaded dynamically (C:\Users\karth\.m2\repository\net\bytebuddy\byte-buddy-agent\1.17.8\byte-buddy-agent-1.17.8.jar)
WARNING: If a serviceability tool is in use, please run with -XX:+EnableDynamicAgentLoading to hide this warning
WARNING: If a serviceability tool is not in use, please run with -Djdk.instrument.traceUsage for more information
WARNING: Dynamic loading of agents will be disallowed by default in a future release
]]></system-err>
  </testcase>
</testsuite>